<?xml version="1.0" encoding="UTF-8"?>
<testng-results ignored="0" total="1" passed="1" failed="0" skipped="0">
  <reporter-output>
    <line>
      <![CDATA[http://www.fb.com]]>
    </line>
    <line>
      <![CDATA[Facebook – log in or sign up]]>
    </line>
    <line>
      <![CDATA[A1]]>
    </line>
    <line>
      <![CDATA[admin]]>
    </line>
  </reporter-output>
  <suite started-at="2022-03-04T07:51:53 IST" name="Suite" finished-at="2022-03-04T07:52:31 IST" duration-ms="37704">
    <groups>
    </groups>
    <test started-at="2022-03-04T07:51:53 IST" name="Regression" finished-at="2022-03-04T07:52:31 IST" duration-ms="37704">
      <class name="script.Test1">
        <test-method is-config="true" signature="openApp()[pri:0, instance:script.Test1@780ec4a5]" started-at="2022-03-04T07:51:53 IST" name="openApp" finished-at="2022-03-04T07:52:14 IST" duration-ms="21428" status="PASS">
          <reporter-output>
          </reporter-output>
        </test-method> <!-- openApp -->
        <test-method signature="testA()[pri:0, instance:script.Test1@780ec4a5]" started-at="2022-03-04T07:52:14 IST" name="testA" finished-at="2022-03-04T07:52:30 IST" duration-ms="15651" status="PASS">
          <reporter-output>
            <line>
              <![CDATA[http://www.fb.com]]>
            </line>
            <line>
              <![CDATA[Facebook – log in or sign up]]>
            </line>
            <line>
              <![CDATA[A1]]>
            </line>
            <line>
              <![CDATA[admin]]>
            </line>
          </reporter-output>
        </test-method> <!-- testA -->
        <test-method is-config="true" signature="closeApp()[pri:0, instance:script.Test1@780ec4a5]" started-at="2022-03-04T07:52:30 IST" name="closeApp" finished-at="2022-03-04T07:52:31 IST" duration-ms="415" status="PASS">
          <reporter-output>
          </reporter-output>
        </test-method> <!-- closeApp -->
      </class> <!-- script.Test1 -->
    </test> <!-- Regression -->
  </suite> <!-- Suite -->
</testng-results>
